0 info it worked if it ends with ok
1 verbose cli [
1 verbose cli   '/Applications/Pulsar.app/Contents/Resources/app/ppm/bin/node',
1 verbose cli   '/Applications/Pulsar.app/Contents/Resources/app/ppm/node_modules/npm/bin/npm-cli.js',
1 verbose cli   '--globalconfig',
1 verbose cli   '/Users/jasoneun/.pulsar/.apm/.apmrc',
1 verbose cli   '--userconfig',
1 verbose cli   '/Users/jasoneun/.pulsar/.apmrc',
1 verbose cli   'install',
1 verbose cli   'https://api.pulsar-edit.dev/api/packages/night-owl-theme-ui/versions/0.1.0/tarball',
1 verbose cli   '--target=12.2.3',
1 verbose cli   '--disturl=https://artifacts.electronjs.org/headers/dist',
1 verbose cli   '--arch=x64',
1 verbose cli   '--force-process-config',
1 verbose cli   '--global-style'
1 verbose cli ]
2 info using npm@6.14.19-pulsar1-1
3 info using node@v16.0.0
4 verbose npm-session 50dcb2eb01429494
5 silly install loadCurrentTree
6 silly install readLocalPackageData
7 http fetch GET 404 https://api.github.com/repos/andybustamante/night-owl-atom-theme/tarball/refs/tags/v0.1.0 894ms
8 silly fetchPackageMetaData error for https://api.pulsar-edit.dev/api/packages/night-owl-theme-ui/versions/0.1.0/tarball 404 Not Found - GET https://api.github.com/repos/andybustamante/night-owl-atom-theme/tarball/refs/tags/v0.1.0
9 timing stage:rollbackFailedOptional Completed in 0ms
10 timing stage:runTopLevelLifecycles Completed in 907ms
11 verbose stack Error: 404 Not Found - GET https://api.github.com/repos/andybustamante/night-owl-atom-theme/tarball/refs/tags/v0.1.0
11 verbose stack     at /Applications/Pulsar.app/Contents/Resources/app/ppm/node_modules/npm/node_modules/npm-registry-fetch/check-response.js:117:15
11 verbose stack     at processTicksAndRejections (node:internal/process/task_queues:96:5)
12 verbose statusCode 404
13 verbose pkgid https://api.pulsar-edit.dev/api/packages/night-owl-theme-ui/versions/0.1.0/tarball
14 verbose cwd /private/var/folders/31/j55r88m95259tt1ptjry0mxc0000gn/T/apm-install-dir-2024721-19405-1pd3b9k.8gqlg
15 verbose Darwin 24.0.0
16 verbose argv "/Applications/Pulsar.app/Contents/Resources/app/ppm/bin/node" "/Applications/Pulsar.app/Contents/Resources/app/ppm/node_modules/npm/bin/npm-cli.js" "--globalconfig" "/Users/jasoneun/.pulsar/.apm/.apmrc" "--userconfig" "/Users/jasoneun/.pulsar/.apmrc" "install" "https://api.pulsar-edit.dev/api/packages/night-owl-theme-ui/versions/0.1.0/tarball" "--target=12.2.3" "--disturl=https://artifacts.electronjs.org/headers/dist" "--arch=x64" "--force-process-config" "--global-style"
17 verbose node v16.0.0
18 verbose npm  v6.14.19-pulsar1-1
19 error code E404
20 error 404 Not Found - GET https://api.github.com/repos/andybustamante/night-owl-atom-theme/tarball/refs/tags/v0.1.0
21 error 404
22 error 404 'https://api.pulsar-edit.dev/api/packages/night-owl-theme-ui/versions/0.1.0/tarball' is not in the npm registry.
23 error 404 Your package name is not valid, because
24 error 404 1. name can only contain URL-friendly characters
25 error 404 Note that you can also install from a
26 error 404 tarball, folder, http url, or git url.
27 verbose exit [ 1, true ]
